<?xml version="1.0" encoding="UTF-8"?>
<testsuite xmlns:xsi="http://www.w3.org/2001/XMLSchema-instance" xsi:noNamespaceSchemaLocation="https://maven.apache.org/surefire/maven-surefire-plugin/xsd/surefire-test-report-3.0.xsd" version="3.0" name="pl.kurs.task1.services.ShapeFactoryTest" time="0.127" tests="24" errors="0" skipped="0" failures="0">
  <properties>
    <property name="java.specification.version" value="17"/>
    <property name="sun.cpu.isalist" value="amd64"/>
    <property name="sun.jnu.encoding" value="Cp1250"/>
    <property name="java.class.path" value="C:\Users\ASRock\IdeaProjects\Test_1R\target\test-classes;C:\Users\ASRock\IdeaProjects\Test_1R\target\classes;C:\Users\ASRock\.m2\repository\com\fasterxml\jackson\core\jackson-databind\2.18.2\jackson-databind-2.18.2.jar;C:\Users\ASRock\.m2\repository\com\fasterxml\jackson\core\jackson-annotations\2.18.2\jackson-annotations-2.18.2.jar;C:\Users\ASRock\.m2\repository\com\fasterxml\jackson\core\jackson-core\2.18.2\jackson-core-2.18.2.jar;C:\Users\ASRock\.m2\repository\org\mockito\mockito-core\3.4.4\mockito-core-3.4.4.jar;C:\Users\ASRock\.m2\repository\net\bytebuddy\byte-buddy\1.10.13\byte-buddy-1.10.13.jar;C:\Users\ASRock\.m2\repository\net\bytebuddy\byte-buddy-agent\1.10.13\byte-buddy-agent-1.10.13.jar;C:\Users\ASRock\.m2\repository\org\objenesis\objenesis\2.6\objenesis-2.6.jar;C:\Users\ASRock\.m2\repository\junit\junit\4.13.2\junit-4.13.2.jar;C:\Users\ASRock\.m2\repository\org\hamcrest\hamcrest-core\1.3\hamcrest-core-1.3.jar;C:\Users\ASRock\.m2\repository\org\assertj\assertj-core\3.24.2\assertj-core-3.24.2.jar;"/>
    <property name="java.vm.vendor" value="Oracle Corporation"/>
    <property name="sun.arch.data.model" value="64"/>
    <property name="user.variant" value=""/>
    <property name="java.vendor.url" value="https://java.oracle.com/"/>
    <property name="user.timezone" value="Europe/Warsaw"/>
    <property name="os.name" value="Windows 10"/>
    <property name="java.vm.specification.version" value="17"/>
    <property name="sun.java.launcher" value="SUN_STANDARD"/>
    <property name="user.country" value="PL"/>
    <property name="sun.boot.library.path" value="C:\Program Files\Java\jdk-17\bin"/>
    <property name="sun.java.command" value="C:\Users\ASRock\AppData\Local\Temp\surefire960270824954278744\surefirebooter-20241230203223583_3.jar C:\Users\ASRock\AppData\Local\Temp\surefire960270824954278744 2024-12-30T20-32-23_509-jvmRun1 surefire-20241230203223583_1tmp surefire_0-20241230203223583_2tmp"/>
    <property name="jdk.debug" value="release"/>
    <property name="surefire.test.class.path" value="C:\Users\ASRock\IdeaProjects\Test_1R\target\test-classes;C:\Users\ASRock\IdeaProjects\Test_1R\target\classes;C:\Users\ASRock\.m2\repository\com\fasterxml\jackson\core\jackson-databind\2.18.2\jackson-databind-2.18.2.jar;C:\Users\ASRock\.m2\repository\com\fasterxml\jackson\core\jackson-annotations\2.18.2\jackson-annotations-2.18.2.jar;C:\Users\ASRock\.m2\repository\com\fasterxml\jackson\core\jackson-core\2.18.2\jackson-core-2.18.2.jar;C:\Users\ASRock\.m2\repository\org\mockito\mockito-core\3.4.4\mockito-core-3.4.4.jar;C:\Users\ASRock\.m2\repository\net\bytebuddy\byte-buddy\1.10.13\byte-buddy-1.10.13.jar;C:\Users\ASRock\.m2\repository\net\bytebuddy\byte-buddy-agent\1.10.13\byte-buddy-agent-1.10.13.jar;C:\Users\ASRock\.m2\repository\org\objenesis\objenesis\2.6\objenesis-2.6.jar;C:\Users\ASRock\.m2\repository\junit\junit\4.13.2\junit-4.13.2.jar;C:\Users\ASRock\.m2\repository\org\hamcrest\hamcrest-core\1.3\hamcrest-core-1.3.jar;C:\Users\ASRock\.m2\repository\org\assertj\assertj-core\3.24.2\assertj-core-3.24.2.jar;"/>
    <property name="sun.cpu.endian" value="little"/>
    <property name="user.home" value="C:\Users\ASRock"/>
    <property name="user.language" value="pl"/>
    <property name="java.specification.vendor" value="Oracle Corporation"/>
    <property name="java.version.date" value="2021-09-14"/>
    <property name="java.home" value="C:\Program Files\Java\jdk-17"/>
    <property name="file.separator" value="\"/>
    <property name="basedir" value="C:\Users\ASRock\IdeaProjects\Test_1R"/>
    <property name="java.vm.compressedOopsMode" value="Zero based"/>
    <property name="line.separator" value="&#10;"/>
    <property name="java.vm.specification.vendor" value="Oracle Corporation"/>
    <property name="java.specification.name" value="Java Platform API Specification"/>
    <property name="surefire.real.class.path" value="C:\Users\ASRock\AppData\Local\Temp\surefire960270824954278744\surefirebooter-20241230203223583_3.jar"/>
    <property name="user.script" value=""/>
    <property name="sun.management.compiler" value="HotSpot 64-Bit Tiered Compilers"/>
    <property name="java.runtime.version" value="17+35-2724"/>
    <property name="user.name" value="ASRock"/>
    <property name="path.separator" value=";"/>
    <property name="os.version" value="10.0"/>
    <property name="java.runtime.name" value="OpenJDK Runtime Environment"/>
    <property name="file.encoding" value="Cp1250"/>
    <property name="java.vm.name" value="OpenJDK 64-Bit Server VM"/>
    <property name="localRepository" value="C:\Users\ASRock\.m2\repository"/>
    <property name="java.vendor.url.bug" value="https://bugreport.java.com/bugreport/"/>
    <property name="java.io.tmpdir" value="C:\Users\ASRock\AppData\Local\Temp\"/>
    <property name="java.version" value="17"/>
    <property name="user.dir" value="C:\Users\ASRock\IdeaProjects\Test_1R"/>
    <property name="os.arch" value="amd64"/>
    <property name="java.vm.specification.name" value="Java Virtual Machine Specification"/>
    <property name="sun.os.patch.level" value=""/>
    <property name="native.encoding" value="Cp1250"/>
    <property name="java.library.path" value="C:\Program Files\Java\jdk-17\bin;C:\WINDOWS\Sun\Java\bin;C:\WINDOWS\system32;C:\WINDOWS;C:\WINDOWS\system32;C:\WINDOWS;C:\WINDOWS\System32\Wbem;C:\WINDOWS\System32\WindowsPowerShell\v1.0\;C:\WINDOWS\System32\OpenSSH\;C:\Program Files\dotnet\;C:\Program Files\Java\jdk-17\bin;C:\Program Files\Git\cmd;C:\Program Files\Maven\apache-maven-3.9.9\bin;C:\Users\ASRock\AppData\Local\Microsoft\WindowsApps;."/>
    <property name="java.vm.info" value="mixed mode, sharing"/>
    <property name="java.vendor" value="Oracle Corporation"/>
    <property name="java.vm.version" value="17+35-2724"/>
    <property name="sun.io.unicode.encoding" value="UnicodeLittle"/>
    <property name="java.class.version" value="61.0"/>
  </properties>
  <testcase name="shouldThrowInvalidShapeParameterExceptionWhenCreatingSquareWithWidthEqual0AndNegativeHeight" classname="pl.kurs.task1.services.ShapeFactoryTest" time="0.004"/>
  <testcase name="shouldThrowInvalidShapeParameterExceptionWhenCreatingRadiusWithRadiusEqual0" classname="pl.kurs.task1.services.ShapeFactoryTest" time="0.0"/>
  <testcase name="shouldThrowInvalidShapeParameterExceptionWhenCreatingSquareWithSideEqual0" classname="pl.kurs.task1.services.ShapeFactoryTest" time="0.0"/>
  <testcase name="shouldThrowInvalidShapeParameterExceptionWhenCreatingSquareWithWidthEqual0AndPositiveHeight" classname="pl.kurs.task1.services.ShapeFactoryTest" time="0.0"/>
  <testcase name="shouldCreateRectangleWithCorrectDimensions" classname="pl.kurs.task1.services.ShapeFactoryTest" time="0.076"/>
  <testcase name="shouldCreateSquareWithCorrectSide" classname="pl.kurs.task1.services.ShapeFactoryTest" time="0.003"/>
  <testcase name="shouldReturnSameInstanceOfRectangleWithSameParameters" classname="pl.kurs.task1.services.ShapeFactoryTest" time="0.0"/>
  <testcase name="shouldReturnDifferentInstanceOfRectangleWithDifferentParameters" classname="pl.kurs.task1.services.ShapeFactoryTest" time="0.0"/>
  <testcase name="shouldThrowInvalidShapeParameterExceptionWhenCreatingSquareWithPositiveWidthAndNegativeHeight" classname="pl.kurs.task1.services.ShapeFactoryTest" time="0.0"/>
  <testcase name="shouldThrowInvalidShapeParameterExceptionWhenCreatingSquareWithNegativeWidthAndHeightEqual0" classname="pl.kurs.task1.services.ShapeFactoryTest" time="0.0"/>
  <testcase name="shouldThrowInvalidShapeParameterExceptionWhenCreatingSquareWithDimensionsEqual0" classname="pl.kurs.task1.services.ShapeFactoryTest" time="0.0"/>
  <testcase name="shouldThrowInvalidShapeParameterExceptionWhenCreatingCircleWithNegativeRadius" classname="pl.kurs.task1.services.ShapeFactoryTest" time="0.0"/>
  <testcase name="shouldThrowInvalidShapeParameterExceptionWhenCreatingSquareWithNegativeDimensions" classname="pl.kurs.task1.services.ShapeFactoryTest" time="0.0"/>
  <testcase name="shouldCreateCircleWithCorrectRadius" classname="pl.kurs.task1.services.ShapeFactoryTest" time="0.002"/>
  <testcase name="shouldThrowInvalidShapeParameterExceptionWhenCreatingSquareWithNegativeWidthAndPositiveHeight" classname="pl.kurs.task1.services.ShapeFactoryTest" time="0.0"/>
  <testcase name="shouldNotIncreaseCacheSizeWhenCreatingRectangleWithSameParameters" classname="pl.kurs.task1.services.ShapeFactoryTest" time="0.002"/>
  <testcase name="shouldThrowInvalidShapeParameterExceptionWhenCreatingSquareWithPositiveWidthAndHeightEqual0" classname="pl.kurs.task1.services.ShapeFactoryTest" time="0.0"/>
  <testcase name="shouldReturnDifferentInstanceOfSquareWithDifferentParameters" classname="pl.kurs.task1.services.ShapeFactoryTest" time="0.001"/>
  <testcase name="shouldNotIncreaseCacheSizeWhenCreatingSquareWithSameParameters" classname="pl.kurs.task1.services.ShapeFactoryTest" time="0.0"/>
  <testcase name="shouldNotIncreaseCacheSizeWhenCreatingCircleWithSameParameters" classname="pl.kurs.task1.services.ShapeFactoryTest" time="0.0"/>
  <testcase name="shouldReturnDifferentInstanceOfCircleWithDifferentParameters" classname="pl.kurs.task1.services.ShapeFactoryTest" time="0.0"/>
  <testcase name="shouldThrowInvalidShapeParameterExceptionWhenCreatingSquareWithNegativeSide" classname="pl.kurs.task1.services.ShapeFactoryTest" time="0.0"/>
  <testcase name="shouldReturnSameInstanceOfSquareWithSameParameters" classname="pl.kurs.task1.services.ShapeFactoryTest" time="0.0"/>
  <testcase name="shouldReturnSameInstanceOfCircleWithSameParameters" classname="pl.kurs.task1.services.ShapeFactoryTest" time="0.002"/>
</testsuite>